2025-06-01 17:58:39 [main] INFO   - Creating service object.
2025-06-01 18:00:58 [main] INFO   - Creating service object.
2025-06-01 18:01:34 [main] INFO   - Creating service object.
2025-06-01 18:02:19 [main] INFO   - Creating service object.
2025-06-01 18:03:26 [main] INFO   - Creating service object.
2025-06-01 18:05:21 [main] INFO   - Creating service object.
2025-06-01 18:08:36 [main] INFO   - Creating service object.
2025-06-01 18:15:52 [main] INFO   - Creating service object.
2025-06-01 18:16:54 [main] INFO   - Creating service object.
2025-06-01 18:17:25 [main] INFO   - Creating service object.
2025-06-01 18:22:45 [main] INFO   - Creating service object.
2025-06-01 18:23:35 [main] INFO   - Creating service object.
2025-06-01 18:24:28 [main] INFO   - Creating service object.
2025-06-01 18:25:22 [main] INFO   - Creating service object.
2025-06-01 18:26:14 [main] INFO   - Creating service object.
2025-06-01 18:26:40 [main] INFO   - Creating service object.
2025-06-01 18:27:06 [main] INFO   - Creating service object.
2025-06-01 18:28:29 [main] INFO   - Creating service object.
2025-06-01 18:28:54 [main] INFO   - Creating service object.
2025-06-01 18:31:07 [main] INFO   - Creating service object.
2025-06-01 19:08:20 [main] INFO   - Creating service object.
2025-06-01 19:12:26 [main] INFO   - Creating service object.
2025-06-01 19:20:13 [main] INFO   - Creating service object.
2025-06-01 19:21:14 [main] INFO   - Creating service object.
2025-06-01 19:22:21 [main] INFO   - Creating service object.
2025-06-01 19:28:01 [main] INFO   - Creating service object.
2025-06-01 19:43:20 [main] INFO   - Creating service object.
2025-06-01 19:45:58 [main] INFO   - Creating service object.
2025-06-01 19:56:29 [main] INFO   - Creating service object.
2025-06-01 19:58:29 [main] INFO   - Creating service object.
2025-06-01 19:59:29 [main] INFO   - Creating service object.
2025-06-01 20:00:19 [main] INFO   - Creating service object.
2025-06-01 20:01:48 [main] INFO   - Creating service object.
2025-06-01 20:02:54 [main] INFO   - Creating service object.
2025-06-01 20:11:46 [main] INFO   - Creating service object.
2025-06-01 20:12:36 [main] INFO   - Creating service object.
2025-06-01 20:14:07 [main] INFO   - Creating service object.
2025-06-01 20:16:32 [main] INFO   - Creating service object.
2025-06-01 20:26:48 [main] INFO   - Creating service object.
2025-06-01 20:27:51 [main] INFO   - Creating service object.
2025-06-01 20:28:43 [main] INFO   - Creating service object.
2025-06-01 20:29:14 [main] INFO   - Creating service object.
2025-06-01 20:29:22 [main] INFO   - Creating service object.
2025-06-01 20:29:30 [main] INFO   - Creating service object.
2025-06-01 20:29:39 [main] INFO   - Creating service object.
2025-06-01 20:29:45 [main] INFO   - Creating service object.
2025-06-01 20:35:51 [main] INFO   - Creating service object.
2025-06-01 20:35:59 [main] INFO   - Creating service object.
2025-06-01 20:41:38 [main] INFO   - Creating service object.
2025-06-01 20:42:15 [main] INFO   - Creating service object.
2025-06-01 20:42:23 [main] INFO   - Creating service object.
2025-06-01 20:52:36 [main] INFO   - Creating service object.
2025-06-01 20:52:56 [main] INFO   - Creating service object.
2025-06-01 21:34:22 [main] INFO   - Creating service object.
2025-06-01 21:36:43 [main] INFO   - Creating service object.
2025-06-01 21:37:36 [main] INFO   - Creating service object.
2025-06-01 21:38:19 [main] INFO   - Creating service object.
2025-06-01 21:39:12 [main] INFO   - Creating service object.
2025-06-01 21:39:53 [main] INFO   - Creating service object.
2025-06-01 21:40:05 [main] INFO   - Creating service object.
2025-06-01 21:40:50 [main] INFO   - Creating service object.
2025-06-01 21:41:28 [main] INFO   - Creating service object.
2025-06-01 21:44:06 [main] INFO   - Creating service object.
2025-06-01 21:44:19 [main] INFO   - Creating service object.
2025-06-01 21:45:52 [main] INFO   - Creating service object.
2025-06-01 21:46:22 [main] INFO   - Creating service object.
2025-06-01 21:48:15 [main] INFO   - Creating service object.
2025-06-01 21:50:14 [main] INFO   - Creating service object.
2025-06-01 21:52:26 [main] INFO   - Creating service object.
2025-06-01 21:52:42 [main] INFO   - Creating service object.
2025-06-01 21:52:57 [main] INFO   - Creating service object.
2025-06-01 21:54:19 [main] INFO   - Creating service object.
2025-06-01 21:54:48 [main] INFO   - Creating service object.
2025-06-01 21:55:56 [main] INFO   - Creating service object.
2025-06-01 21:57:23 [main] INFO   - Creating service object.
2025-06-01 21:59:27 [main] INFO   - Creating service object.
2025-06-01 21:59:40 [main] INFO   - Creating service object.
2025-06-01 22:00:19 [main] INFO   - Creating service object.
2025-06-01 22:02:50 [main] INFO   - Creating service object.
2025-06-01 22:03:38 [main] INFO   - Creating service object.
2025-06-01 22:04:04 [main] INFO   - Creating service object.
2025-06-01 22:06:16 [main] INFO   - Creating service object.
2025-06-01 22:32:47 [main] INFO   - Creating service object.
2025-06-01 22:34:00 [main] INFO   - Creating service object.
2025-06-01 23:17:29 [main] INFO   - Creating service object.
2025-06-01 23:18:44 [main] INFO   - Creating service object.
2025-06-01 23:19:00 [main] INFO   - Creating service object.
2025-06-01 23:20:53 [main] INFO   - Creating service object.
2025-06-01 23:21:10 [main] INFO   - Creating service object.
2025-06-01 23:22:46 [main] INFO   - Creating service object.
2025-06-01 23:36:07 [main] INFO   - Creating service object.
2025-06-01 23:36:28 [main] INFO   - Creating service object.
2025-06-01 23:36:38 [main] INFO   - Creating service object.
2025-06-01 23:37:30 [main] INFO   - Creating service object.
2025-06-02 00:14:11 [main] INFO   - Creating service object.
2025-06-02 00:17:12 [main] INFO   - Creating service object.
2025-06-02 00:18:10 [main] INFO   - Creating service object.
2025-06-02 00:19:48 [main] INFO   - Creating service object.
2025-06-02 00:20:29 [main] INFO   - Creating service object.
2025-06-02 00:21:33 [main] INFO   - Creating service object.
2025-06-02 00:23:45 [main] INFO   - Creating service object.
2025-06-02 00:24:07 [main] INFO   - Creating service object.
2025-06-02 00:24:15 [main] INFO   - Creating service object.
2025-06-02 00:24:46 [main] INFO   - Creating service object.
2025-06-02 00:25:46 [main] INFO   - Creating service object.
2025-06-02 00:26:27 [main] INFO   - Creating service object.
2025-06-02 00:27:14 [main] INFO   - Creating service object.
2025-06-02 00:27:24 [main] INFO   - Creating service object.
2025-06-02 00:27:42 [main] INFO   - Creating service object.
2025-06-02 00:28:23 [main] INFO   - Creating service object.
2025-06-02 00:28:54 [main] INFO   - Creating service object.
2025-06-02 00:28:59 [main] INFO   - Creating service object.
2025-06-02 00:29:06 [main] INFO   - Creating service object.
2025-06-02 00:29:39 [main] INFO   - Creating service object.
2025-06-02 00:30:42 [main] INFO   - Creating service object.
2025-06-02 00:31:07 [main] INFO   - Creating service object.
2025-06-02 00:31:14 [main] INFO   - Creating service object.
2025-06-02 00:31:24 [main] INFO   - Creating service object.
2025-06-02 00:31:30 [main] INFO   - Creating service object.
2025-06-02 00:31:36 [main] INFO   - Creating service object.
2025-06-02 00:31:51 [main] INFO   - Creating service object.
2025-06-02 00:33:21 [main] INFO   - Creating service object.
2025-06-02 00:33:37 [main] INFO   - Creating service object.
2025-06-02 00:33:57 [main] INFO   - Creating service object.
2025-06-02 00:34:10 [main] INFO   - Creating service object.
2025-06-02 00:34:30 [main] INFO   - Creating service object.
2025-06-02 00:35:08 [main] INFO   - Creating service object.
2025-06-02 00:35:23 [main] INFO   - Creating service object.
2025-06-02 00:36:53 [main] INFO   - Creating service object.
2025-06-02 00:37:17 [main] INFO   - Creating service object.
2025-06-02 00:37:30 [main] INFO   - Creating service object.
2025-06-02 00:37:37 [main] INFO   - Creating service object.
2025-06-02 00:37:49 [main] INFO   - Creating service object.
2025-06-02 00:38:02 [main] INFO   - Creating service object.
2025-06-02 00:38:10 [main] INFO   - Creating service object.
2025-06-02 00:39:13 [main] INFO   - Creating service object.
2025-06-02 00:39:57 [main] INFO   - Creating service object.
2025-06-02 00:40:25 [main] INFO   - Creating service object.
2025-06-02 00:40:35 [main] INFO   - Creating service object.
2025-06-02 00:42:10 [main] INFO   - Creating service object.
2025-06-02 00:49:31 [main] INFO   - Creating service object.
2025-06-02 00:50:15 [main] INFO   - Creating service object.
2025-06-02 00:50:59 [main] INFO   - Creating service object.
2025-06-02 00:51:21 [main] INFO   - Creating service object.
2025-06-02 00:51:34 [main] INFO   - Creating service object.
2025-06-02 00:52:14 [main] INFO   - Creating service object.
2025-06-02 00:53:49 [main] INFO   - Creating service object.
2025-06-02 00:55:11 [main] INFO   - Creating service object.
2025-06-02 00:55:19 [main] INFO   - Creating service object.
2025-06-02 00:55:24 [main] INFO   - Creating service object.
2025-06-02 00:55:28 [main] INFO   - Creating service object.
2025-06-02 01:08:49 [main] INFO   - Creating service object.
2025-06-02 01:37:49 [main] INFO   - Creating service object.
2025-06-02 01:38:05 [main] INFO   - Creating service object.
2025-06-02 01:45:19 [main] INFO   - Creating service object.
2025-06-02 01:45:31 [main] INFO   - Creating service object.
2025-06-02 01:45:48 [main] INFO   - Creating service object.
2025-06-02 01:46:00 [main] INFO   - Creating service object.
2025-06-02 01:47:36 [main] INFO   - Creating service object.
2025-06-02 01:47:58 [main] INFO   - Creating service object.
2025-06-02 01:48:28 [main] INFO   - Creating service object.
2025-06-02 01:49:43 [main] INFO   - Creating service object.
2025-06-02 02:09:59 [main] INFO   - Creating service object.
2025-06-02 02:11:13 [main] INFO   - Creating service object.
2025-06-02 02:11:19 [main] INFO   - Creating service object.
2025-06-02 02:11:44 [main] INFO   - Creating service object.
2025-06-02 02:15:44 [main] INFO   - Creating service object.
2025-06-02 02:16:24 [main] INFO   - Creating service object.
2025-06-02 02:16:30 [main] INFO   - Creating service object.
2025-06-02 02:16:37 [main] INFO   - Creating service object.
2025-06-02 02:16:44 [main] INFO   - Creating service object.
2025-06-02 02:16:50 [main] INFO   - Creating service object.
2025-06-02 02:17:00 [main] INFO   - Creating service object.
2025-06-02 02:17:05 [main] INFO   - Creating service object.
2025-06-02 02:17:32 [main] INFO   - Creating service object.
2025-06-02 02:18:30 [main] INFO   - Creating service object.
2025-06-02 02:22:55 [main] INFO   - Creating service object.
2025-06-02 02:35:34 [main] INFO   - Creating service object.
2025-06-02 02:35:44 [main] INFO   - Creating service object.
2025-06-02 02:36:35 [main] INFO   - Creating service object.
2025-06-02 02:37:28 [main] INFO   - Creating service object.
2025-06-02 02:41:01 [main] INFO   - Creating service object.
2025-06-02 03:51:38 [main] INFO   - Creating service object.
2025-06-02 03:52:19 [main] INFO   - Creating service object.
2025-06-02 03:52:46 [main] INFO   - Creating service object.
2025-06-02 03:53:04 [main] INFO   - Creating service object.
2025-06-02 03:53:18 [main] INFO   - Creating service object.
2025-06-02 03:55:33 [main] INFO   - Creating service object.
2025-06-02 03:56:28 [main] INFO   - Creating service object.
2025-06-02 04:55:10 [main] INFO   - Creating service object.
2025-06-02 04:55:10 [main] DEBUG  - Looking for rules from given locale: en
2025-06-02 04:55:10 [main] INFO   - Language specific rules found for your locale
2025-06-02 04:55:10 [main] DEBUG  - Attempting to instantiate class numbertostring.pojo.IntegerNum number type.
2025-06-02 04:55:10 [main] DEBUG  - Attempting to create converter for class numbertostring.pojo.IntegerNum number type.
2025-06-02 04:55:10 [main] DEBUG  - Converter creation successful for class numbertostring.pojo.IntegerNum number type.
2025-06-02 04:55:10 [main] DEBUG  - Beginning conversion for 2147483647.
2025-06-02 04:55:10 [main] DEBUG  - Conversion complete for 2147483647. Output is "Seven"
2025-06-02 04:55:27 [main] INFO   - Creating service object.
2025-06-02 04:55:27 [main] DEBUG  - Looking for rules from given locale: en
2025-06-02 04:55:27 [main] INFO   - Language specific rules found for your locale
2025-06-02 04:55:27 [main] DEBUG  - Attempting to instantiate class numbertostring.pojo.IntegerNum number type.
2025-06-02 04:55:27 [main] DEBUG  - Attempting to create converter for class numbertostring.pojo.IntegerNum number type.
2025-06-02 04:55:27 [main] DEBUG  - Converter creation successful for class numbertostring.pojo.IntegerNum number type.
2025-06-02 04:55:27 [main] DEBUG  - Beginning conversion for 2147483647.
2025-06-02 04:55:27 [main] DEBUG  - Conversion complete for 2147483647. Output is "Seven"
2025-06-02 04:57:23 [main] INFO   - Creating service object.
2025-06-02 04:57:23 [main] DEBUG  - Looking for rules from given locale: en
2025-06-02 04:57:23 [main] INFO   - Language specific rules found for your locale
2025-06-02 04:57:23 [main] DEBUG  - Attempting to instantiate class numbertostring.pojo.IntegerNum number type.
2025-06-02 04:57:23 [main] DEBUG  - Attempting to create converter for class numbertostring.pojo.IntegerNum number type.
2025-06-02 04:57:23 [main] DEBUG  - Converter creation successful for class numbertostring.pojo.IntegerNum number type.
2025-06-02 04:57:23 [main] DEBUG  - Beginning conversion for 2147483647.
2025-06-02 04:57:23 [main] DEBUG  - Conversion complete for 2147483647. Output is "Seven"
2025-06-02 04:57:56 [main] INFO   - Creating service object.
2025-06-02 04:57:56 [main] DEBUG  - Looking for rules from given locale: en
2025-06-02 04:57:56 [main] INFO   - Language specific rules found for your locale
2025-06-02 04:57:56 [main] DEBUG  - Attempting to instantiate class numbertostring.pojo.IntegerNum number type.
2025-06-02 04:57:56 [main] DEBUG  - Attempting to create converter for class numbertostring.pojo.IntegerNum number type.
2025-06-02 04:57:56 [main] DEBUG  - Converter creation successful for class numbertostring.pojo.IntegerNum number type.
2025-06-02 04:57:56 [main] DEBUG  - Beginning conversion for 2147483647.
2025-06-02 04:59:32 [main] INFO   - Creating service object.
2025-06-02 04:59:32 [main] DEBUG  - Looking for rules from given locale: en
2025-06-02 04:59:32 [main] INFO   - Language specific rules found for your locale
2025-06-02 04:59:32 [main] DEBUG  - Attempting to instantiate class numbertostring.pojo.IntegerNum number type.
2025-06-02 04:59:32 [main] DEBUG  - Attempting to create converter for class numbertostring.pojo.IntegerNum number type.
2025-06-02 04:59:32 [main] DEBUG  - Converter creation successful for class numbertostring.pojo.IntegerNum number type.
2025-06-02 04:59:32 [main] DEBUG  - Beginning conversion for 2147483647.
2025-06-02 05:01:33 [main] INFO   - Creating service object.
2025-06-02 05:01:33 [main] DEBUG  - Looking for rules from given locale: en
2025-06-02 05:01:33 [main] INFO   - Language specific rules found for your locale
2025-06-02 05:01:33 [main] DEBUG  - Attempting to instantiate class numbertostring.pojo.IntegerNum number type.
2025-06-02 05:01:33 [main] DEBUG  - Attempting to create converter for class numbertostring.pojo.IntegerNum number type.
2025-06-02 05:01:33 [main] DEBUG  - Converter creation successful for class numbertostring.pojo.IntegerNum number type.
2025-06-02 05:01:33 [main] DEBUG  - Beginning conversion for 147.
2025-06-02 05:01:33 [main] DEBUG  - Conversion complete for 147. Output is "Seven"
2025-06-02 05:02:21 [main] INFO   - Creating service object.
2025-06-02 05:02:21 [main] DEBUG  - Looking for rules from given locale: en
2025-06-02 05:02:21 [main] INFO   - Language specific rules found for your locale
2025-06-02 05:02:21 [main] DEBUG  - Attempting to instantiate class numbertostring.pojo.IntegerNum number type.
2025-06-02 05:02:21 [main] DEBUG  - Attempting to create converter for class numbertostring.pojo.IntegerNum number type.
2025-06-02 05:02:21 [main] DEBUG  - Converter creation successful for class numbertostring.pojo.IntegerNum number type.
2025-06-02 05:02:21 [main] DEBUG  - Beginning conversion for 147.
2025-06-02 05:02:40 [main] INFO   - Creating service object.
2025-06-02 05:02:40 [main] DEBUG  - Looking for rules from given locale: en
2025-06-02 05:02:40 [main] INFO   - Language specific rules found for your locale
2025-06-02 05:02:40 [main] DEBUG  - Attempting to instantiate class numbertostring.pojo.IntegerNum number type.
2025-06-02 05:02:40 [main] DEBUG  - Attempting to create converter for class numbertostring.pojo.IntegerNum number type.
2025-06-02 05:02:40 [main] DEBUG  - Converter creation successful for class numbertostring.pojo.IntegerNum number type.
2025-06-02 05:02:40 [main] DEBUG  - Beginning conversion for 147.
2025-06-02 05:02:59 [main] INFO   - Creating service object.
2025-06-02 05:02:59 [main] DEBUG  - Looking for rules from given locale: en
2025-06-02 05:02:59 [main] INFO   - Language specific rules found for your locale
2025-06-02 05:02:59 [main] DEBUG  - Attempting to instantiate class numbertostring.pojo.IntegerNum number type.
2025-06-02 05:02:59 [main] DEBUG  - Attempting to create converter for class numbertostring.pojo.IntegerNum number type.
2025-06-02 05:02:59 [main] DEBUG  - Converter creation successful for class numbertostring.pojo.IntegerNum number type.
2025-06-02 05:02:59 [main] DEBUG  - Beginning conversion for 147.
2025-06-02 05:03:11 [main] INFO   - Creating service object.
2025-06-02 05:03:11 [main] DEBUG  - Looking for rules from given locale: en
2025-06-02 05:03:11 [main] INFO   - Language specific rules found for your locale
2025-06-02 05:03:11 [main] DEBUG  - Attempting to instantiate class numbertostring.pojo.IntegerNum number type.
2025-06-02 05:03:11 [main] DEBUG  - Attempting to create converter for class numbertostring.pojo.IntegerNum number type.
2025-06-02 05:03:11 [main] DEBUG  - Converter creation successful for class numbertostring.pojo.IntegerNum number type.
2025-06-02 05:03:11 [main] DEBUG  - Beginning conversion for 147.
2025-06-02 05:03:17 [main] INFO   - Creating service object.
2025-06-02 05:03:17 [main] DEBUG  - Looking for rules from given locale: en
2025-06-02 05:03:17 [main] INFO   - Language specific rules found for your locale
2025-06-02 05:03:17 [main] DEBUG  - Attempting to instantiate class numbertostring.pojo.IntegerNum number type.
2025-06-02 05:03:17 [main] DEBUG  - Attempting to create converter for class numbertostring.pojo.IntegerNum number type.
2025-06-02 05:03:17 [main] DEBUG  - Converter creation successful for class numbertostring.pojo.IntegerNum number type.
2025-06-02 05:03:17 [main] DEBUG  - Beginning conversion for 147.
2025-06-02 05:04:21 [main] INFO   - Creating service object.
2025-06-02 05:04:21 [main] DEBUG  - Looking for rules from given locale: en
2025-06-02 05:04:21 [main] INFO   - Language specific rules found for your locale
2025-06-02 05:04:21 [main] DEBUG  - Attempting to instantiate class numbertostring.pojo.IntegerNum number type.
2025-06-02 05:04:21 [main] DEBUG  - Attempting to create converter for class numbertostring.pojo.IntegerNum number type.
2025-06-02 05:04:21 [main] DEBUG  - Converter creation successful for class numbertostring.pojo.IntegerNum number type.
2025-06-02 05:04:21 [main] DEBUG  - Beginning conversion for 147.
2025-06-02 05:04:27 [main] DEBUG  - Conversion complete for 147. Output is "One Hundred"
2025-06-02 05:04:33 [main] INFO   - Creating service object.
2025-06-02 05:04:33 [main] DEBUG  - Looking for rules from given locale: en
2025-06-02 05:04:33 [main] INFO   - Language specific rules found for your locale
2025-06-02 05:04:33 [main] DEBUG  - Attempting to instantiate class numbertostring.pojo.IntegerNum number type.
2025-06-02 05:04:33 [main] DEBUG  - Attempting to create converter for class numbertostring.pojo.IntegerNum number type.
2025-06-02 05:04:33 [main] DEBUG  - Converter creation successful for class numbertostring.pojo.IntegerNum number type.
2025-06-02 05:04:33 [main] DEBUG  - Beginning conversion for 147.
2025-06-02 05:04:52 [main] INFO   - Creating service object.
2025-06-02 05:04:52 [main] DEBUG  - Looking for rules from given locale: en
2025-06-02 05:04:52 [main] INFO   - Language specific rules found for your locale
2025-06-02 05:04:52 [main] DEBUG  - Attempting to instantiate class numbertostring.pojo.IntegerNum number type.
2025-06-02 05:04:52 [main] DEBUG  - Attempting to create converter for class numbertostring.pojo.IntegerNum number type.
2025-06-02 05:04:52 [main] DEBUG  - Converter creation successful for class numbertostring.pojo.IntegerNum number type.
2025-06-02 05:04:52 [main] DEBUG  - Beginning conversion for 147.
2025-06-02 05:05:05 [main] INFO   - Creating service object.
2025-06-02 05:05:05 [main] DEBUG  - Looking for rules from given locale: en
2025-06-02 05:05:05 [main] INFO   - Language specific rules found for your locale
2025-06-02 05:05:05 [main] DEBUG  - Attempting to instantiate class numbertostring.pojo.IntegerNum number type.
2025-06-02 05:05:05 [main] DEBUG  - Attempting to create converter for class numbertostring.pojo.IntegerNum number type.
2025-06-02 05:05:05 [main] DEBUG  - Converter creation successful for class numbertostring.pojo.IntegerNum number type.
2025-06-02 05:05:05 [main] DEBUG  - Beginning conversion for 147.
2025-06-02 05:06:24 [main] INFO   - Creating service object.
2025-06-02 05:06:24 [main] DEBUG  - Looking for rules from given locale: en
2025-06-02 05:06:24 [main] INFO   - Language specific rules found for your locale
2025-06-02 05:06:24 [main] DEBUG  - Attempting to instantiate class numbertostring.pojo.IntegerNum number type.
2025-06-02 05:06:24 [main] DEBUG  - Attempting to create converter for class numbertostring.pojo.IntegerNum number type.
2025-06-02 05:06:24 [main] DEBUG  - Converter creation successful for class numbertostring.pojo.IntegerNum number type.
2025-06-02 05:06:24 [main] DEBUG  - Beginning conversion for 147.
2025-06-02 05:07:00 [main] INFO   - Creating service object.
2025-06-02 05:07:00 [main] DEBUG  - Looking for rules from given locale: en
2025-06-02 05:07:00 [main] INFO   - Language specific rules found for your locale
2025-06-02 05:07:00 [main] DEBUG  - Attempting to instantiate class numbertostring.pojo.IntegerNum number type.
2025-06-02 05:07:00 [main] DEBUG  - Attempting to create converter for class numbertostring.pojo.IntegerNum number type.
2025-06-02 05:07:00 [main] DEBUG  - Converter creation successful for class numbertostring.pojo.IntegerNum number type.
2025-06-02 05:07:00 [main] DEBUG  - Beginning conversion for 147.
2025-06-02 05:07:22 [main] INFO   - Creating service object.
2025-06-02 05:07:22 [main] DEBUG  - Looking for rules from given locale: en
2025-06-02 05:07:22 [main] INFO   - Language specific rules found for your locale
2025-06-02 05:07:22 [main] DEBUG  - Attempting to instantiate class numbertostring.pojo.IntegerNum number type.
2025-06-02 05:07:22 [main] DEBUG  - Attempting to create converter for class numbertostring.pojo.IntegerNum number type.
2025-06-02 05:07:22 [main] DEBUG  - Converter creation successful for class numbertostring.pojo.IntegerNum number type.
2025-06-02 05:07:22 [main] DEBUG  - Beginning conversion for 147.
2025-06-02 05:07:55 [main] INFO   - Creating service object.
2025-06-02 05:07:55 [main] DEBUG  - Looking for rules from given locale: en
2025-06-02 05:07:55 [main] INFO   - Language specific rules found for your locale
2025-06-02 05:07:55 [main] DEBUG  - Attempting to instantiate class numbertostring.pojo.IntegerNum number type.
2025-06-02 05:07:55 [main] DEBUG  - Attempting to create converter for class numbertostring.pojo.IntegerNum number type.
2025-06-02 05:07:55 [main] DEBUG  - Converter creation successful for class numbertostring.pojo.IntegerNum number type.
2025-06-02 05:07:55 [main] DEBUG  - Beginning conversion for 147.
2025-06-02 05:08:23 [main] INFO   - Creating service object.
2025-06-02 05:08:23 [main] DEBUG  - Looking for rules from given locale: en
2025-06-02 05:08:23 [main] INFO   - Language specific rules found for your locale
2025-06-02 05:08:23 [main] DEBUG  - Attempting to instantiate class numbertostring.pojo.IntegerNum number type.
2025-06-02 05:08:23 [main] DEBUG  - Attempting to create converter for class numbertostring.pojo.IntegerNum number type.
2025-06-02 05:08:23 [main] DEBUG  - Converter creation successful for class numbertostring.pojo.IntegerNum number type.
2025-06-02 05:08:23 [main] DEBUG  - Beginning conversion for 147.
2025-06-02 05:08:56 [main] INFO   - Creating service object.
2025-06-02 05:08:56 [main] DEBUG  - Looking for rules from given locale: en
2025-06-02 05:08:56 [main] INFO   - Language specific rules found for your locale
2025-06-02 05:08:56 [main] DEBUG  - Attempting to instantiate class numbertostring.pojo.IntegerNum number type.
2025-06-02 05:08:56 [main] DEBUG  - Attempting to create converter for class numbertostring.pojo.IntegerNum number type.
2025-06-02 05:08:56 [main] DEBUG  - Converter creation successful for class numbertostring.pojo.IntegerNum number type.
2025-06-02 05:08:56 [main] DEBUG  - Beginning conversion for 147.
2025-06-02 05:09:11 [main] INFO   - Creating service object.
2025-06-02 05:09:11 [main] DEBUG  - Looking for rules from given locale: en
2025-06-02 05:09:11 [main] INFO   - Language specific rules found for your locale
2025-06-02 05:09:11 [main] DEBUG  - Attempting to instantiate class numbertostring.pojo.IntegerNum number type.
2025-06-02 05:09:11 [main] DEBUG  - Attempting to create converter for class numbertostring.pojo.IntegerNum number type.
2025-06-02 05:09:11 [main] DEBUG  - Converter creation successful for class numbertostring.pojo.IntegerNum number type.
2025-06-02 05:09:11 [main] DEBUG  - Beginning conversion for 147.
2025-06-02 05:15:50 [main] INFO   - Creating service object.
2025-06-02 05:15:50 [main] DEBUG  - Looking for rules from given locale: en
2025-06-02 05:15:50 [main] INFO   - Language specific rules found for your locale
2025-06-02 05:15:50 [main] DEBUG  - Attempting to instantiate class numbertostring.pojo.IntegerNum number type.
2025-06-02 05:15:50 [main] DEBUG  - Attempting to create converter for class numbertostring.pojo.IntegerNum number type.
2025-06-02 05:15:50 [main] DEBUG  - Converter creation successful for class numbertostring.pojo.IntegerNum number type.
2025-06-02 05:15:50 [main] DEBUG  - Beginning conversion for 147.
2025-06-02 05:17:45 [main] INFO   - Creating service object.
2025-06-02 05:17:45 [main] DEBUG  - Looking for rules from given locale: en
2025-06-02 05:17:45 [main] INFO   - Language specific rules found for your locale
2025-06-02 05:17:45 [main] DEBUG  - Attempting to instantiate class numbertostring.pojo.IntegerNum number type.
2025-06-02 05:17:45 [main] DEBUG  - Attempting to create converter for class numbertostring.pojo.IntegerNum number type.
2025-06-02 05:17:45 [main] DEBUG  - Converter creation successful for class numbertostring.pojo.IntegerNum number type.
2025-06-02 05:17:45 [main] DEBUG  - Beginning conversion for 147.
2025-06-02 05:19:37 [main] INFO   - Creating service object.
2025-06-02 05:19:37 [main] DEBUG  - Looking for rules from given locale: en
2025-06-02 05:19:37 [main] INFO   - Language specific rules found for your locale
2025-06-02 05:19:37 [main] DEBUG  - Attempting to instantiate class numbertostring.pojo.IntegerNum number type.
2025-06-02 05:19:37 [main] DEBUG  - Attempting to create converter for class numbertostring.pojo.IntegerNum number type.
2025-06-02 05:19:37 [main] DEBUG  - Converter creation successful for class numbertostring.pojo.IntegerNum number type.
2025-06-02 05:19:37 [main] DEBUG  - Beginning conversion for 147.
2025-06-02 05:20:12 [main] INFO   - Creating service object.
2025-06-02 05:20:12 [main] DEBUG  - Looking for rules from given locale: en
2025-06-02 05:20:12 [main] INFO   - Language specific rules found for your locale
2025-06-02 05:20:12 [main] DEBUG  - Attempting to instantiate class numbertostring.pojo.IntegerNum number type.
2025-06-02 05:20:12 [main] DEBUG  - Attempting to create converter for class numbertostring.pojo.IntegerNum number type.
2025-06-02 05:20:12 [main] DEBUG  - Converter creation successful for class numbertostring.pojo.IntegerNum number type.
2025-06-02 05:20:12 [main] DEBUG  - Beginning conversion for 2147483647.
2025-06-02 05:20:12 [main] DEBUG  - Conversion complete for 2147483647. Output is "Two Billion One Hundred Forty Seven Million Four  Hundred Eighty Three ThousandSix  Hundred Forty Seven"
2025-06-02 05:22:01 [main] INFO   - Creating service object.
2025-06-02 05:22:01 [main] DEBUG  - Looking for rules from given locale: en
2025-06-02 05:22:01 [main] INFO   - Language specific rules found for your locale
2025-06-02 05:22:01 [main] DEBUG  - Attempting to instantiate class numbertostring.pojo.IntegerNum number type.
2025-06-02 05:22:01 [main] DEBUG  - Attempting to create converter for class numbertostring.pojo.IntegerNum number type.
2025-06-02 05:22:01 [main] DEBUG  - Converter creation successful for class numbertostring.pojo.IntegerNum number type.
2025-06-02 05:22:01 [main] DEBUG  - Beginning conversion for 2147483647.
2025-06-02 05:22:01 [main] DEBUG  - Conversion complete for 2147483647. Output is "Two Billion One HundredFortySeven Million Four  HundredEightyThree ThousandSix  HundredFortySeven"
2025-06-02 05:22:20 [main] INFO   - Creating service object.
2025-06-02 05:22:20 [main] DEBUG  - Looking for rules from given locale: en
2025-06-02 05:22:20 [main] INFO   - Language specific rules found for your locale
2025-06-02 05:22:20 [main] DEBUG  - Attempting to instantiate class numbertostring.pojo.IntegerNum number type.
2025-06-02 05:22:20 [main] DEBUG  - Attempting to create converter for class numbertostring.pojo.IntegerNum number type.
2025-06-02 05:22:20 [main] DEBUG  - Converter creation successful for class numbertostring.pojo.IntegerNum number type.
2025-06-02 05:22:20 [main] DEBUG  - Beginning conversion for 2147483647.
2025-06-02 05:25:32 [main] INFO   - Creating service object.
2025-06-02 05:25:32 [main] DEBUG  - Looking for rules from given locale: en
2025-06-02 05:25:32 [main] INFO   - Language specific rules found for your locale
2025-06-02 05:25:32 [main] DEBUG  - Attempting to instantiate class numbertostring.pojo.IntegerNum number type.
2025-06-02 05:25:32 [main] DEBUG  - Attempting to create converter for class numbertostring.pojo.IntegerNum number type.
2025-06-02 05:25:32 [main] DEBUG  - Converter creation successful for class numbertostring.pojo.IntegerNum number type.
2025-06-02 05:25:32 [main] DEBUG  - Beginning conversion for 2147483647.
2025-06-02 05:27:34 [main] INFO   - Creating service object.
2025-06-02 05:27:34 [main] DEBUG  - Looking for rules from given locale: en
2025-06-02 05:27:34 [main] INFO   - Language specific rules found for your locale
2025-06-02 05:27:34 [main] DEBUG  - Attempting to instantiate class numbertostring.pojo.IntegerNum number type.
2025-06-02 05:27:34 [main] DEBUG  - Attempting to create converter for class numbertostring.pojo.IntegerNum number type.
2025-06-02 05:27:34 [main] DEBUG  - Converter creation successful for class numbertostring.pojo.IntegerNum number type.
2025-06-02 05:27:34 [main] DEBUG  - Beginning conversion for 2147483647.
2025-06-02 05:28:23 [main] INFO   - Creating service object.
2025-06-02 05:28:23 [main] DEBUG  - Looking for rules from given locale: en
2025-06-02 05:28:23 [main] INFO   - Language specific rules found for your locale
2025-06-02 05:28:23 [main] DEBUG  - Attempting to instantiate class numbertostring.pojo.IntegerNum number type.
2025-06-02 05:28:23 [main] DEBUG  - Attempting to create converter for class numbertostring.pojo.IntegerNum number type.
2025-06-02 05:28:23 [main] DEBUG  - Converter creation successful for class numbertostring.pojo.IntegerNum number type.
2025-06-02 05:28:23 [main] DEBUG  - Beginning conversion for 2147483647.
2025-06-02 05:28:44 [main] DEBUG  - Conversion complete for 2147483647. Output is "Two Billion One Hundred Forty Seven Million Four  Hundred Eighty Three ThousandSix  Hundred Forty Seven"
2025-06-02 05:29:14 [main] INFO   - Creating service object.
2025-06-02 05:29:14 [main] DEBUG  - Looking for rules from given locale: en
2025-06-02 05:29:14 [main] INFO   - Language specific rules found for your locale
2025-06-02 05:29:14 [main] DEBUG  - Attempting to instantiate class numbertostring.pojo.IntegerNum number type.
2025-06-02 05:29:14 [main] DEBUG  - Attempting to create converter for class numbertostring.pojo.IntegerNum number type.
2025-06-02 05:29:14 [main] DEBUG  - Converter creation successful for class numbertostring.pojo.IntegerNum number type.
2025-06-02 05:29:14 [main] DEBUG  - Beginning conversion for 2147483647.
2025-06-02 05:30:21 [main] INFO   - Creating service object.
2025-06-02 05:30:21 [main] DEBUG  - Looking for rules from given locale: en
2025-06-02 05:30:21 [main] INFO   - Language specific rules found for your locale
2025-06-02 05:30:21 [main] DEBUG  - Attempting to instantiate class numbertostring.pojo.IntegerNum number type.
2025-06-02 05:30:21 [main] DEBUG  - Attempting to create converter for class numbertostring.pojo.IntegerNum number type.
2025-06-02 05:30:21 [main] DEBUG  - Converter creation successful for class numbertostring.pojo.IntegerNum number type.
2025-06-02 05:30:21 [main] DEBUG  - Beginning conversion for 2147483647.
2025-06-02 05:30:24 [main] DEBUG  - Conversion complete for 2147483647. Output is "Two Billion One Hundred Forty Seven Million Four  Hundred Eighty Three Thousand Six  Hundred Forty Seven"
2025-06-02 05:30:29 [main] INFO   - Creating service object.
2025-06-02 05:30:29 [main] DEBUG  - Looking for rules from given locale: en
2025-06-02 05:30:29 [main] INFO   - Language specific rules found for your locale
2025-06-02 05:30:29 [main] DEBUG  - Attempting to instantiate class numbertostring.pojo.IntegerNum number type.
2025-06-02 05:30:29 [main] DEBUG  - Attempting to create converter for class numbertostring.pojo.IntegerNum number type.
2025-06-02 05:30:29 [main] DEBUG  - Converter creation successful for class numbertostring.pojo.IntegerNum number type.
2025-06-02 05:30:29 [main] DEBUG  - Beginning conversion for 2147483647.
2025-06-02 05:31:36 [main] DEBUG  - Conversion complete for 2147483647. Output is "Two Billion One Hundred Forty Seven Million Four Hundred Eighty Three Thousand Six Hundred Forty Seven"
2025-06-02 05:32:16 [main] INFO   - Creating service object.
2025-06-02 05:32:16 [main] DEBUG  - Looking for rules from given locale: en
2025-06-02 05:32:16 [main] INFO   - Language specific rules found for your locale
2025-06-02 05:32:16 [main] DEBUG  - Attempting to instantiate class numbertostring.pojo.IntegerNum number type.
2025-06-02 05:32:16 [main] DEBUG  - Attempting to create converter for class numbertostring.pojo.IntegerNum number type.
2025-06-02 05:32:16 [main] DEBUG  - Converter creation successful for class numbertostring.pojo.IntegerNum number type.
2025-06-02 05:32:16 [main] DEBUG  - Beginning conversion for -2147483648.
2025-06-02 05:32:16 [main] DEBUG  - Conversion complete for -2147483648. Output is "Negative Two Billion One Hundred Forty Seven Million Four Hundred Eighty Three Thousand Six Hundred Forty Eight"
2025-06-02 05:41:08 [main] INFO   - Creating service object.
2025-06-02 05:41:08 [main] DEBUG  - Looking for rules from given locale: en
2025-06-02 05:41:08 [main] INFO   - Language specific rules found for your locale
2025-06-02 05:41:08 [main] DEBUG  - Attempting to instantiate class numbertostring.pojo.IntegerNum number type.
2025-06-02 05:41:08 [main] DEBUG  - Attempting to create converter for class numbertostring.pojo.IntegerNum number type.
2025-06-02 05:41:08 [main] DEBUG  - Converter creation successful for class numbertostring.pojo.IntegerNum number type.
2025-06-02 05:41:08 [main] INFO   - Converter of type class numbertostring.pojo.IntegerNum successfully created.
2025-06-02 05:41:08 [main] DEBUG  - Beginning conversion for -2147483648.
2025-06-02 05:41:08 [main] DEBUG  - Conversion complete for -2147483648. Output is "Negative Two Billion One Hundred Forty Seven Million Four Hundred Eighty Three Thousand Six Hundred Forty Eight"
2025-06-02 05:41:08 [main] INFO   - Conversion complete. Creating response.
2025-06-02 05:47:57 [main] INFO   - Creating service object.
2025-06-02 05:47:57 [main] DEBUG  - Looking for rules from given locale: en
2025-06-02 05:47:57 [main] INFO   - Language specific rules found for your locale
2025-06-02 05:47:57 [main] DEBUG  - Attempting to instantiate class numbertostring.pojo.IntegerNum number type.
2025-06-02 05:47:57 [main] DEBUG  - Attempting to create converter for class numbertostring.pojo.IntegerNum number type.
2025-06-02 05:47:57 [main] DEBUG  - Converter creation successful for class numbertostring.pojo.IntegerNum number type.
2025-06-02 05:47:57 [main] INFO   - Converter of type class numbertostring.pojo.IntegerNum successfully created.
2025-06-02 05:47:57 [main] DEBUG  - Beginning conversion for -2147483648.
2025-06-02 05:48:01 [main] DEBUG  - Conversion complete for -2147483648. Output is "Negative Two Billion One Hundred Forty Seven Million Four Hundred Eighty Three Thousand Six Hundred Forty Eight"
2025-06-02 05:48:01 [main] INFO   - Conversion complete. Creating response.
2025-06-02 05:50:07 [main] INFO   - Creating service object.
2025-06-02 05:50:07 [main] DEBUG  - Looking for rules from given locale: en
2025-06-02 05:50:07 [main] INFO   - Language specific rules found for your locale
2025-06-02 05:50:07 [main] DEBUG  - Attempting to instantiate class numbertostring.pojo.IntegerNum number type.
2025-06-02 05:50:07 [main] DEBUG  - Attempting to create converter for class numbertostring.pojo.IntegerNum number type.
2025-06-02 05:50:07 [main] DEBUG  - Converter creation successful for class numbertostring.pojo.IntegerNum number type.
2025-06-02 05:50:07 [main] INFO   - Converter of type class numbertostring.pojo.IntegerNum successfully created.
2025-06-02 05:50:07 [main] DEBUG  - Beginning conversion for -2147483648.
2025-06-02 05:50:07 [main] DEBUG  - Conversion complete for -2147483648. Output is "Negative Two Billion One Hundred Forty Seven Million Four Hundred Eighty Three Thousand Six Hundred Forty Eight"
2025-06-02 05:50:07 [main] INFO   - Conversion complete. Creating response.
2025-06-02 05:50:15 [main] INFO   - Response object created. Response is NumberToWordsResponse(words=Negative Two Billion One Hundred Forty Seven Million Four Hundred Eighty Three Thousand Six Hundred Forty Eight, status=SUCCESS, exception=null)
